0 info it worked if it ends with ok
1 verbose cli [ '/usr/bin/nodejs', '/usr/bin/npm', 'run', 'lint', 'fix' ]
2 info using npm@3.5.2
3 info using node@v4.2.6
4 verbose run-script [ 'prelint', 'lint', 'postlint' ]
5 info lifecycle static-project-template@0.0.1~prelint: static-project-template@0.0.1
6 silly lifecycle static-project-template@0.0.1~prelint: no script for prelint, continuing
7 info lifecycle static-project-template@0.0.1~lint: static-project-template@0.0.1
8 verbose lifecycle static-project-template@0.0.1~lint: unsafe-perm in lifecycle true
9 verbose lifecycle static-project-template@0.0.1~lint: PATH: /usr/share/npm/bin/node-gyp-bin:/mnt/e/Sergey_work/GitHub/7h3_5h0p/node_modules/.bin:/usr/local/sbin:/usr/local/bin:/usr/sbin:/usr/bin:/sbin:/bin:/usr/games:/usr/local/games:/mnt/c/Windows/System32:/mnt/c/Windows:/mnt/c/Windows/System32/wbem:/mnt/c/Windows/System32/WindowsPowerShell/v1.0:/mnt/c/Program Files/Microsoft SQL Server/120/Tools/Binn:/mnt/c/Program Files/Microsoft SQL Server/130/Tools/Binn:/mnt/c/Program Files/Microsoft DNX/Dnvm:/mnt/c/Program Files (x86)/Windows Kits/8.1/Windows Performance Toolkit:/mnt/c/Program Files (x86)/NVIDIA Corporation/PhysX/Common:/mnt/c/Program Files (x86)/GtkSharp/2.12/bin:/mnt/c/Program Files (x86)/Skype/Phone:/mnt/c/Windows/System32:/mnt/c/Windows:/mnt/c/Windows/System32/wbem:/mnt/c/Windows/System32/WindowsPowerShell/v1.0:/mnt/c/Program Files (x86)/Visual Leak Detector/bin/Win32:/mnt/c/Program Files (x86)/Visual Leak Detector/bin/Win64:/mnt/c/Program Files/nodejs:/mnt/c/Program Files (x86)/Brackets/command:/mnt/c/Users/serge/AppData/Local/Microsoft/WindowsApps
10 verbose lifecycle static-project-template@0.0.1~lint: CWD: /mnt/e/Sergey_work/GitHub/7h3_5h0p
11 silly lifecycle static-project-template@0.0.1~lint: Args: [ '-c', 'eslint src/js && stylelint src/less/*.less "fix"' ]
12 silly lifecycle static-project-template@0.0.1~lint: Returned: code: 2  signal: null
13 info lifecycle static-project-template@0.0.1~lint: Failed to exec lint script
14 verbose stack Error: static-project-template@0.0.1 lint: `eslint src/js && stylelint src/less/*.less "fix"`
14 verbose stack Exit status 2
14 verbose stack     at EventEmitter.<anonymous> (/usr/share/npm/lib/utils/lifecycle.js:232:16)
14 verbose stack     at emitTwo (events.js:87:13)
14 verbose stack     at EventEmitter.emit (events.js:172:7)
14 verbose stack     at ChildProcess.<anonymous> (/usr/share/npm/lib/utils/spawn.js:24:14)
14 verbose stack     at emitTwo (events.js:87:13)
14 verbose stack     at ChildProcess.emit (events.js:172:7)
14 verbose stack     at maybeClose (internal/child_process.js:821:16)
14 verbose stack     at Process.ChildProcess._handle.onexit (internal/child_process.js:211:5)
15 verbose pkgid static-project-template@0.0.1
16 verbose cwd /mnt/e/Sergey_work/GitHub/7h3_5h0p
17 error Linux 4.4.0-43-Microsoft
18 error argv "/usr/bin/nodejs" "/usr/bin/npm" "run" "lint" "fix"
19 error node v4.2.6
20 error npm  v3.5.2
21 error code ELIFECYCLE
22 error static-project-template@0.0.1 lint: `eslint src/js && stylelint src/less/*.less "fix"`
22 error Exit status 2
23 error Failed at the static-project-template@0.0.1 lint script 'eslint src/js && stylelint src/less/*.less "fix"'.
23 error Make sure you have the latest version of node.js and npm installed.
23 error If you do, this is most likely a problem with the static-project-template package,
23 error not with npm itself.
23 error Tell the author that this fails on your system:
23 error     eslint src/js && stylelint src/less/*.less "fix"
23 error You can get information on how to open an issue for this project with:
23 error     npm bugs static-project-template
23 error Or if that isn't available, you can get their info via:
23 error     npm owner ls static-project-template
23 error There is likely additional logging output above.
24 verbose exit [ 1, true ]
